<?xml version="1.0" encoding="UTF-8"?>
<testsuite xmlns:xsi="http://www.w3.org/2001/XMLSchema-instance" xsi:noNamespaceSchemaLocation="https://maven.apache.org/surefire/maven-surefire-plugin/xsd/surefire-test-report-3.0.xsd" version="3.0" name="com.example.taskflow.controller.AuthControllerTest" time="29.229" tests="3" errors="0" skipped="0" failures="0">
  <properties>
[...]
</properties>
  <testcase name="login_ValidCredentials_ReturnsToken" classname="com.example.taskflow.controller.AuthControllerTest" time="3.495">
    <system-out><![CDATA[19:37:21.563 [main] INFO org.springframework.test.context.support.AnnotationConfigContextLoaderUtils -- Could not detect default configuration classes for test class [com.example.taskflow.controller.AuthControllerTest]: AuthControllerTest does not declare any static, non-private, non-final, nested classes annotated with @Configuration.
19:37:22.392 [main] INFO org.springframework.boot.test.context.SpringBootTestContextBootstrapper -- Found @SpringBootConfiguration com.example.taskflow.TaskFlowApplication for test class com.example.taskflow.controller.AuthControllerTest

  .   ____          _            __ _ _
 /\\ / ___'_ __ _ _(_)_ __  __ _ \ \ \ \
( ( )\___ | '_ | '_| | '_ \/ _` | \ \ \ \
 \\/  ___)| |_)| | | | | || (_| |  ) ) ) )
  '  |____| .__|_| |_|_| |_\__, | / / / /
 =========|_|==============|___/=/_/_/_/
 :: Spring Boot ::                (v3.2.0)

2025-12-23T19:37:23.768+01:00  INFO 14204 --- [TaskFlow] [           main] c.e.t.controller.AuthControllerTest      : Starting AuthControllerTest using Java 17.0.12 with PID 14204 (started by info in C:\Users\info\Desktop\projects\TaskFlow-Manager\Backend-TaskFlow)
2025-12-23T19:37:23.784+01:00  INFO 14204 --- [TaskFlow] [           main] c.e.t.controller.AuthControllerTest      : The following 1 profile is active: "test"
2025-12-23T19:37:28.265+01:00  INFO 14204 --- [TaskFlow] [           main] .s.d.r.c.RepositoryConfigurationDelegate : Bootstrapping Spring Data JPA repositories in DEFAULT mode.
2025-12-23T19:37:28.572+01:00  INFO 14204 --- [TaskFlow] [           main] .s.d.r.c.RepositoryConfigurationDelegate : Finished Spring Data repository scanning in 225 ms. Found 3 JPA repository interfaces.
2025-12-23T19:37:31.363+01:00  INFO 14204 --- [TaskFlow] [           main] o.hibernate.jpa.internal.util.LogHelper  : HHH000204: Processing PersistenceUnitInfo [name: default]
2025-12-23T19:37:31.701+01:00  INFO 14204 --- [TaskFlow] [           main] org.hibernate.Version                    : HHH000412: Hibernate ORM core version 6.3.1.Final
2025-12-23T19:37:31.881+01:00  INFO 14204 --- [TaskFlow] [           main] o.h.c.internal.RegionFactoryInitiator    : HHH000026: Second-level cache disabled
2025-12-23T19:37:36.168+01:00  INFO 14204 --- [TaskFlow] [           main] o.s.o.j.p.SpringPersistenceUnitInfo      : No LoadTimeWeaver setup: ignoring JPA class transformer
2025-12-23T19:37:36.332+01:00  INFO 14204 --- [TaskFlow] [           main] com.zaxxer.hikari.HikariDataSource       : HikariPool-1 - Starting...
2025-12-23T19:37:37.362+01:00  INFO 14204 --- [TaskFlow] [           main] com.zaxxer.hikari.pool.HikariPool        : HikariPool-1 - Added connection conn0: url=jdbc:h2:mem:testdb user=SA
2025-12-23T19:37:37.368+01:00  INFO 14204 --- [TaskFlow] [           main] com.zaxxer.hikari.HikariDataSource       : HikariPool-1 - Start completed.
2025-12-23T19:37:37.509+01:00  WARN 14204 --- [TaskFlow] [           main] org.hibernate.orm.deprecation            : HHH90000025: H2Dialect does not need to be specified explicitly using 'hibernate.dialect' (remove the property setting and it will be selected by default)
2025-12-23T19:37:40.560+01:00  INFO 14204 --- [TaskFlow] [           main] o.h.e.t.j.p.i.JtaPlatformInitiator       : HHH000489: No JTA platform available (set 'hibernate.transaction.jta.platform' to enable JTA platform integration)
2025-12-23T19:37:40.606+01:00 DEBUG 14204 --- [TaskFlow] [           main] org.hibernate.SQL                        : 
    drop table if exists projects cascade 
2025-12-23T19:37:40.614+01:00 DEBUG 14204 --- [TaskFlow] [           main] org.hibernate.SQL                        : 
    drop table if exists tasks cascade 
2025-12-23T19:37:40.615+01:00 DEBUG 14204 --- [TaskFlow] [           main] org.hibernate.SQL                        : 
    drop table if exists users cascade 
2025-12-23T19:37:40.627+01:00 DEBUG 14204 --- [TaskFlow] [           main] org.hibernate.SQL                        : 
    create table projects (
        created_at timestamp(6) not null,
        id bigint generated by default as identity,
        user_id bigint not null,
        description varchar(1000),
        title varchar(255) not null,
        primary key (id)
    )
2025-12-23T19:37:40.644+01:00 DEBUG 14204 --- [TaskFlow] [           main] org.hibernate.SQL                        : 
    create table tasks (
        completed boolean not null,
        due_date date not null,
        created_at timestamp(6) not null,
        id bigint generated by default as identity,
        project_id bigint not null,
        description varchar(2000),
        title varchar(255) not null,
        primary key (id)
    )
2025-12-23T19:37:40.649+01:00 DEBUG 14204 --- [TaskFlow] [           main] org.hibernate.SQL                        : 
    create table users (
        id bigint generated by default as identity,
        email varchar(255) not null unique,
        full_name varchar(255) not null,
        password varchar(255) not null,
        primary key (id)
    )
2025-12-23T19:37:40.659+01:00 DEBUG 14204 --- [TaskFlow] [           main] org.hibernate.SQL                        : 
    alter table if exists projects 
       add constraint FKhswfwa3ga88vxv1pmboss6jhm 
       foreign key (user_id) 
       references users
2025-12-23T19:37:40.691+01:00 DEBUG 14204 --- [TaskFlow] [           main] org.hibernate.SQL                        : 
    alter table if exists tasks 
       add constraint FKsfhn82y57i3k9uxww1s007acc 
       foreign key (project_id) 
       references projects
2025-12-23T19:37:40.709+01:00  INFO 14204 --- [TaskFlow] [           main] j.LocalContainerEntityManagerFactoryBean : Initialized JPA EntityManagerFactory for persistence unit 'default'
2025-12-23T19:37:42.592+01:00  WARN 14204 --- [TaskFlow] [           main] JpaBaseConfiguration$JpaWebConfiguration : spring.jpa.open-in-view is enabled by default. Therefore, database queries may be performed during view rendering. Explicitly configure spring.jpa.open-in-view to disable this warning
2025-12-23T19:37:43.477+01:00  INFO 14204 --- [TaskFlow] [           main] o.s.s.web.DefaultSecurityFilterChain     : Will secure any request with [org.springframework.security.web.session.DisableEncodeUrlFilter@57d0c779, org.springframework.security.web.context.request.async.WebAsyncManagerIntegrationFilter@3070f59f, org.springframework.security.web.context.SecurityContextHolderFilter@3da12ba4, org.springframework.security.web.header.HeaderWriterFilter@7fd3197b, org.springframework.web.filter.CorsFilter@2f16c21f, org.springframework.security.web.authentication.logout.LogoutFilter@7c855ef0, com.example.taskflow.security.JwtAuthenticationFilter@6dc5e857, org.springframework.security.web.savedrequest.RequestCacheAwareFilter@1b949de4, org.springframework.security.web.servletapi.SecurityContextHolderAwareRequestFilter@2981064d, org.springframework.security.web.authentication.AnonymousAuthenticationFilter@2314f013, org.springframework.security.web.session.SessionManagementFilter@98a0842, org.springframework.security.web.access.ExceptionTranslationFilter@62b2bc2e, org.springframework.security.web.access.intercept.AuthorizationFilter@247877f3]
2025-12-23T19:37:44.309+01:00  INFO 14204 --- [TaskFlow] [           main] o.s.b.a.h2.H2ConsoleAutoConfiguration    : H2 console available at '/h2-console'. Database available at 'jdbc:h2:mem:testdb'
2025-12-23T19:37:44.502+01:00  INFO 14204 --- [TaskFlow] [           main] o.s.b.t.m.w.SpringBootMockServletContext : Initializing Spring TestDispatcherServlet ''
2025-12-23T19:37:44.503+01:00  INFO 14204 --- [TaskFlow] [           main] o.s.t.web.servlet.TestDispatcherServlet  : Initializing Servlet ''
2025-12-23T19:37:44.506+01:00  INFO 14204 --- [TaskFlow] [           main] o.s.t.web.servlet.TestDispatcherServlet  : Completed initialization in 3 ms
2025-12-23T19:37:44.584+01:00  INFO 14204 --- [TaskFlow] [           main] c.e.t.controller.AuthControllerTest      : Started AuthControllerTest in 21.736 seconds (process running for 25.489)
2025-12-23T19:37:45.483+01:00 DEBUG 14204 --- [TaskFlow] [           main] org.hibernate.SQL                        : 
    select
        count(*) 
    from
        users u1_0
2025-12-23T19:37:46.163+01:00 DEBUG 14204 --- [TaskFlow] [           main] org.hibernate.SQL                        : 
    insert 
    into
        users
        (email, full_name, password, id) 
    values
        (?, ?, ?, default)
2025-12-23T19:37:46.422+01:00 DEBUG 14204 --- [TaskFlow] [           main] org.hibernate.SQL                        : 
    insert 
    into
        users
        (email, full_name, password, id) 
    values
        (?, ?, ?, default)
2025-12-23T19:37:46.426+01:00  INFO 14204 --- [TaskFlow] [           main] c.e.taskflow.config.DataInitializer      : ? Test users created successfully
2025-12-23T19:37:46.428+01:00  INFO 14204 --- [TaskFlow] [           main] c.e.taskflow.config.DataInitializer      : ? Email: taha@inpt.com | Password: password123
2025-12-23T19:37:46.428+01:00  INFO 14204 --- [TaskFlow] [           main] c.e.taskflow.config.DataInitializer      : ? Email: test@inpt.com | Password: password123
2025-12-23T19:37:48.591+01:00 DEBUG 14204 --- [TaskFlow] [           main] o.s.security.web.FilterChainProxy        : Securing POST /api/auth/login
2025-12-23T19:37:48.625+01:00 DEBUG 14204 --- [TaskFlow] [           main] o.s.s.w.a.AnonymousAuthenticationFilter  : Set SecurityContextHolder to anonymous SecurityContext
2025-12-23T19:37:48.629+01:00 DEBUG 14204 --- [TaskFlow] [           main] o.s.security.web.FilterChainProxy        : Secured POST /api/auth/login
2025-12-23T19:37:49.482+01:00 DEBUG 14204 --- [TaskFlow] [           main] org.hibernate.SQL                        : 
    select
        u1_0.id,
        u1_0.email,
        u1_0.full_name,
        u1_0.password 
    from
        users u1_0 
    where
        u1_0.email=?
2025-12-23T19:37:49.674+01:00 DEBUG 14204 --- [TaskFlow] [           main] o.s.s.a.dao.DaoAuthenticationProvider    : Authenticated user
]]></system-out>
  </testcase>
  <testcase name="login_InvalidCredentials_ReturnsUnauthorized" classname="com.example.taskflow.controller.AuthControllerTest" time="0.153">
    <system-out><![CDATA[2025-12-23T19:37:50.000+01:00 DEBUG 14204 --- [TaskFlow] [           main] o.s.security.web.FilterChainProxy        : Securing POST /api/auth/login
2025-12-23T19:37:50.001+01:00 DEBUG 14204 --- [TaskFlow] [           main] o.s.s.w.a.AnonymousAuthenticationFilter  : Set SecurityContextHolder to anonymous SecurityContext
2025-12-23T19:37:50.001+01:00 DEBUG 14204 --- [TaskFlow] [           main] o.s.security.web.FilterChainProxy        : Secured POST /api/auth/login
2025-12-23T19:37:50.005+01:00 DEBUG 14204 --- [TaskFlow] [           main] org.hibernate.SQL                        : 
    select
        u1_0.id,
        u1_0.email,
        u1_0.full_name,
        u1_0.password 
    from
        users u1_0 
    where
        u1_0.email=?
2025-12-23T19:37:50.115+01:00 DEBUG 14204 --- [TaskFlow] [           main] o.s.s.a.dao.DaoAuthenticationProvider    : Failed to find user 'wrong@inpt.com'
]]></system-out>
  </testcase>
  <testcase name="login_MissingEmail_ReturnsBadRequest" classname="com.example.taskflow.controller.AuthControllerTest" time="0.048">
    <system-out><![CDATA[2025-12-23T19:37:50.155+01:00 DEBUG 14204 --- [TaskFlow] [           main] o.s.security.web.FilterChainProxy        : Securing POST /api/auth/login
2025-12-23T19:37:50.159+01:00 DEBUG 14204 --- [TaskFlow] [           main] o.s.s.w.a.AnonymousAuthenticationFilter  : Set SecurityContextHolder to anonymous SecurityContext
2025-12-23T19:37:50.161+01:00 DEBUG 14204 --- [TaskFlow] [           main] o.s.security.web.FilterChainProxy        : Secured POST /api/auth/login
]]></system-out>
  </testcase>
</testsuite>