<?xml version="1.0" encoding="UTF-8"?>
<testsuite xmlns:xsi="http://www.w3.org/2001/XMLSchema-instance" xsi:noNamespaceSchemaLocation="https://maven.apache.org/surefire/maven-surefire-plugin/xsd/surefire-test-report-3.0.xsd" version="3.0" name="com.example.taskflow.TaskFlowApplicationTests" time="5.34" tests="1" errors="0" skipped="0" failures="0">
  <properties>
[...]
</properties>
  <testcase name="contextLoads" classname="com.example.taskflow.TaskFlowApplicationTests" time="0.011">
    <system-out><![CDATA[2025-12-22T16:07:28.179+01:00  INFO 13904 --- [TaskFlow] [           main] t.c.s.AnnotationConfigContextLoaderUtils : Could not detect default configuration classes for test class [com.example.taskflow.TaskFlowApplicationTests]: TaskFlowApplicationTests does not declare any static, non-private, non-final, nested classes annotated with @Configuration.
2025-12-22T16:07:28.218+01:00  INFO 13904 --- [TaskFlow] [           main] .b.t.c.SpringBootTestContextBootstrapper : Found @SpringBootConfiguration com.example.taskflow.TaskFlowApplication for test class com.example.taskflow.TaskFlowApplicationTests

  .   ____          _            __ _ _
 /\\ / ___'_ __ _ _(_)_ __  __ _ \ \ \ \
( ( )\___ | '_ | '_| | '_ \/ _` | \ \ \ \
 \\/  ___)| |_)| | | | | || (_| |  ) ) ) )
  '  |____| .__|_| |_|_| |_\__, | / / / /
 =========|_|==============|___/=/_/_/_/
 :: Spring Boot ::                (v3.2.0)

2025-12-22T16:07:28.465+01:00  INFO 13904 --- [TaskFlow] [           main] c.e.taskflow.TaskFlowApplicationTests    : Starting TaskFlowApplicationTests using Java 17.0.12 with PID 13904 (started by info in C:\Users\info\Desktop\projects\TaskFlow-Manager\Backend-TaskFlow)
2025-12-22T16:07:28.466+01:00  INFO 13904 --- [TaskFlow] [           main] c.e.taskflow.TaskFlowApplicationTests    : The following 1 profile is active: "test"
2025-12-22T16:07:29.723+01:00  INFO 13904 --- [TaskFlow] [           main] .s.d.r.c.RepositoryConfigurationDelegate : Bootstrapping Spring Data JPA repositories in DEFAULT mode.
2025-12-22T16:07:29.761+01:00  INFO 13904 --- [TaskFlow] [           main] .s.d.r.c.RepositoryConfigurationDelegate : Finished Spring Data repository scanning in 37 ms. Found 3 JPA repository interfaces.
2025-12-22T16:07:30.336+01:00  INFO 13904 --- [TaskFlow] [           main] o.hibernate.jpa.internal.util.LogHelper  : HHH000204: Processing PersistenceUnitInfo [name: default]
2025-12-22T16:07:30.362+01:00  INFO 13904 --- [TaskFlow] [           main] o.h.c.internal.RegionFactoryInitiator    : HHH000026: Second-level cache disabled
2025-12-22T16:07:30.379+01:00  INFO 13904 --- [TaskFlow] [           main] o.s.o.j.p.SpringPersistenceUnitInfo      : No LoadTimeWeaver setup: ignoring JPA class transformer
2025-12-22T16:07:30.390+01:00  INFO 13904 --- [TaskFlow] [           main] com.zaxxer.hikari.HikariDataSource       : HikariPool-2 - Starting...
2025-12-22T16:07:30.392+01:00  INFO 13904 --- [TaskFlow] [           main] com.zaxxer.hikari.pool.HikariPool        : HikariPool-2 - Added connection conn10: url=jdbc:h2:mem:testdb user=SA
2025-12-22T16:07:30.392+01:00  INFO 13904 --- [TaskFlow] [           main] com.zaxxer.hikari.HikariDataSource       : HikariPool-2 - Start completed.
2025-12-22T16:07:30.393+01:00  WARN 13904 --- [TaskFlow] [           main] org.hibernate.orm.deprecation            : HHH90000025: H2Dialect does not need to be specified explicitly using 'hibernate.dialect' (remove the property setting and it will be selected by default)
2025-12-22T16:07:30.723+01:00  INFO 13904 --- [TaskFlow] [           main] o.h.e.t.j.p.i.JtaPlatformInitiator       : HHH000489: No JTA platform available (set 'hibernate.transaction.jta.platform' to enable JTA platform integration)
2025-12-22T16:07:30.724+01:00 DEBUG 13904 --- [TaskFlow] [           main] org.hibernate.SQL                        : 
    drop table if exists projects cascade 
2025-12-22T16:07:30.728+01:00 DEBUG 13904 --- [TaskFlow] [           main] org.hibernate.SQL                        : 
    drop table if exists tasks cascade 
2025-12-22T16:07:30.729+01:00 DEBUG 13904 --- [TaskFlow] [           main] org.hibernate.SQL                        : 
    drop table if exists users cascade 
2025-12-22T16:07:30.732+01:00 DEBUG 13904 --- [TaskFlow] [           main] org.hibernate.SQL                        : 
    create table projects (
        created_at timestamp(6) not null,
        id bigint generated by default as identity,
        user_id bigint not null,
        description varchar(1000),
        title varchar(255) not null,
        primary key (id)
    )
2025-12-22T16:07:30.734+01:00 DEBUG 13904 --- [TaskFlow] [           main] org.hibernate.SQL                        : 
    create table tasks (
        completed boolean not null,
        due_date date not null,
        created_at timestamp(6) not null,
        id bigint generated by default as identity,
        project_id bigint not null,
        description varchar(2000),
        title varchar(255) not null,
        primary key (id)
    )
2025-12-22T16:07:30.737+01:00 DEBUG 13904 --- [TaskFlow] [           main] org.hibernate.SQL                        : 
    create table users (
        id bigint generated by default as identity,
        email varchar(255) not null unique,
        full_name varchar(255) not null,
        password varchar(255) not null,
        primary key (id)
    )
2025-12-22T16:07:30.740+01:00 DEBUG 13904 --- [TaskFlow] [           main] org.hibernate.SQL                        : 
    alter table if exists projects 
       add constraint FKhswfwa3ga88vxv1pmboss6jhm 
       foreign key (user_id) 
       references users
2025-12-22T16:07:30.742+01:00 DEBUG 13904 --- [TaskFlow] [           main] org.hibernate.SQL                        : 
    alter table if exists tasks 
       add constraint FKsfhn82y57i3k9uxww1s007acc 
       foreign key (project_id) 
       references projects
2025-12-22T16:07:30.746+01:00  INFO 13904 --- [TaskFlow] [           main] j.LocalContainerEntityManagerFactoryBean : Initialized JPA EntityManagerFactory for persistence unit 'default'
2025-12-22T16:07:32.113+01:00  WARN 13904 --- [TaskFlow] [           main] JpaBaseConfiguration$JpaWebConfiguration : spring.jpa.open-in-view is enabled by default. Therefore, database queries may be performed during view rendering. Explicitly configure spring.jpa.open-in-view to disable this warning
2025-12-22T16:07:32.480+01:00  INFO 13904 --- [TaskFlow] [           main] o.s.s.web.DefaultSecurityFilterChain     : Will secure any request with [org.springframework.security.web.session.DisableEncodeUrlFilter@2ec3c213, org.springframework.security.web.context.request.async.WebAsyncManagerIntegrationFilter@79715834, org.springframework.security.web.context.SecurityContextHolderFilter@356285d9, org.springframework.security.web.header.HeaderWriterFilter@1d891373, org.springframework.web.filter.CorsFilter@4d94b0af, org.springframework.security.web.authentication.logout.LogoutFilter@59f1c295, com.example.taskflow.security.JwtAuthenticationFilter@f11fe28, org.springframework.security.web.savedrequest.RequestCacheAwareFilter@314e2b4b, org.springframework.security.web.servletapi.SecurityContextHolderAwareRequestFilter@6409a49a, org.springframework.security.web.authentication.AnonymousAuthenticationFilter@72a80668, org.springframework.security.web.session.SessionManagementFilter@2ae6cde4, org.springframework.security.web.access.ExceptionTranslationFilter@4b29f03e, org.springframework.security.web.access.intercept.AuthorizationFilter@30a1e459]
2025-12-22T16:07:32.763+01:00  INFO 13904 --- [TaskFlow] [           main] o.s.b.a.h2.H2ConsoleAutoConfiguration    : H2 console available at '/h2-console'. Database available at 'jdbc:h2:mem:testdb'
2025-12-22T16:07:32.865+01:00  INFO 13904 --- [TaskFlow] [           main] c.e.taskflow.TaskFlowApplicationTests    : Started TaskFlowApplicationTests in 4.634 seconds (process running for 40.681)
2025-12-22T16:07:32.874+01:00 DEBUG 13904 --- [TaskFlow] [           main] org.hibernate.SQL                        : 
    select
        count(*) 
    from
        users u1_0
2025-12-22T16:07:33.377+01:00 DEBUG 13904 --- [TaskFlow] [           main] org.hibernate.SQL                        : 
    insert 
    into
        users
        (email, full_name, password, id) 
    values
        (?, ?, ?, default)
2025-12-22T16:07:33.491+01:00 DEBUG 13904 --- [TaskFlow] [           main] org.hibernate.SQL                        : 
    insert 
    into
        users
        (email, full_name, password, id) 
    values
        (?, ?, ?, default)
2025-12-22T16:07:33.493+01:00  INFO 13904 --- [TaskFlow] [           main] c.e.taskflow.config.DataInitializer      : ? Test users created successfully
2025-12-22T16:07:33.494+01:00  INFO 13904 --- [TaskFlow] [           main] c.e.taskflow.config.DataInitializer      : ? Email: taha@hahn.com | Password: password123
2025-12-22T16:07:33.494+01:00  INFO 13904 --- [TaskFlow] [           main] c.e.taskflow.config.DataInitializer      : ? Email: test@hahn.com | Password: password123
]]></system-out>
  </testcase>
</testsuite>